<?xml version="1.0" encoding="UTF-8"?>
<!-- Generated by org.testng.reporters.JUnitReportReporter -->
<testsuite hostname="DESKTOP-8ELVUAA" failures="0" tests="1" name="TestNG.AnnotationsTest" time="0.015" errors="0" timestamp="2023-09-20T22:46:22 IST" skipped="0">
  <testcase classname="TestNG.AnnotationsTest" name="test" time="0.015"/>
  <system-out/>
</testsuite> <!-- TestNG.AnnotationsTest -->
