<?xml version="1.0" encoding="UTF-8"?>
<!-- Generated by org.testng.reporters.JUnitReportReporter -->
<testsuite hostname="DESKTOP-8ELVUAA" failures="0" tests="6" name="TestNG.practiceTest" time="0.040" errors="0" timestamp="2023-09-15T12:23:34 IST" skipped="0">
  <testcase classname="TestNG.practiceTest" name="editTest" time="0.019"/>
  <system-out/>
  <testcase classname="TestNG.practiceTest" name="createTest" time="0.004"/>
  <system-out/>
  <testcase classname="TestNG.practiceTest" name="createTest" time="0.004"/>
  <system-out/>
  <testcase classname="TestNG.practiceTest" name="deleteTest" time="0.004"/>
  <system-out/>
  <testcase classname="TestNG.practiceTest" name="deleteTest" time="0.004"/>
  <system-out/>
  <testcase classname="TestNG.practiceTest" name="deleteTest" time="0.005"/>
  <system-out/>
</testsuite> <!-- TestNG.practiceTest -->
