<?xml version="1.0" encoding="UTF-8"?>
<!-- Generated by org.testng.reporters.JUnitReportReporter -->
<testsuite hostname="DESKTOP-8ELVUAA" failures="0" tests="3" name="TestNG.AnnotationUsingMoreTest" time="0.022" errors="0" timestamp="2023-09-15T16:24:36 IST" skipped="0">
  <testcase classname="TestNG.AnnotationUsingMoreTest" name="test1" time="0.004"/>
  <system-out/>
  <testcase classname="TestNG.AnnotationUsingMoreTest" name="test2" time="0.006"/>
  <system-out/>
  <testcase classname="TestNG.AnnotationUsingMoreTest" name="test2" time="0.012"/>
  <system-out/>
</testsuite> <!-- TestNG.AnnotationUsingMoreTest -->
