<?xml version="1.0" encoding="UTF-8"?>
<!-- Generated by org.testng.reporters.JUnitReportReporter -->
<testsuite hostname="DESKTOP-8ELVUAA" failures="0" tests="1" name="com.practicepackage.CmdTest" time="4.092" errors="0" timestamp="2023-09-07T12:37:56 IST" skipped="0">
  <testcase classname="com.practicepackage.CmdTest" name="cmd" time="4.092"/>
  <system-out/>
</testsuite> <!-- com.practicepackage.CmdTest -->
