<?xml version="1.0" encoding="UTF-8"?>
<!-- Generated by org.testng.reporters.JUnitReportReporter -->
<testsuite hostname="DESKTOP-8ELVUAA" failures="0" tests="2" name="TestNG.DataProviderTest" time="0.017" errors="0" timestamp="2023-09-15T13:49:49 IST" skipped="0">
  <testcase classname="TestNG.DataProviderTest" name="Executemenu" time="0.013"/>
  <system-out/>
  <testcase classname="TestNG.DataProviderTest" name="Executemenu" time="0.004"/>
  <system-out/>
</testsuite> <!-- TestNG.DataProviderTest -->
