<?xml version="1.0" encoding="UTF-8"?>
<!-- Generated by org.testng.reporters.JUnitReportReporter -->
<testsuite hostname="DESKTOP-8ELVUAA" failures="0" tests="5" name="TestNG.ExecuteDataProvider" time="0.033" errors="0" timestamp="2023-09-15T15:17:38 IST" skipped="0">
  <testcase classname="TestNG.ExecuteDataProvider" name="Executemenu" time="0.008"/>
  <system-out/>
  <testcase classname="TestNG.ExecuteDataProvider" name="Executemenu" time="0.003"/>
  <system-out/>
  <testcase classname="TestNG.ExecuteDataProvider" name="Executemenu" time="0.004"/>
  <system-out/>
  <testcase classname="TestNG.ExecuteDataProvider" name="Executemenu" time="0.005"/>
  <system-out/>
  <testcase classname="TestNG.ExecuteDataProvider" name="Executemenu" time="0.013"/>
  <system-out/>
</testsuite> <!-- TestNG.ExecuteDataProvider -->
